<?xml version="1.0" encoding="UTF-8"?>
<!-- Generated by org.testng.reporters.JUnitXMLReporter -->
<testsuite ignored="0" hostname="LAPTOP-EOK2EVU3" failures="0" tests="3" name="Car Name and Price Test" time="0.048" errors="0" timestamp="30 Jun 2022 10:31:14 GMT">
  <testcase classname="base.BaseTest" name="@BeforeTest setUp" time="0.0">
    <failure type="org.testng.TestNGException" message="
Parameter &amp;apos;browser&amp;apos; is required by BeforeTest on method setUp but has not been marked @Optional or defined
in C:\Users\ASUS\eclipse-workspace\PageObjectModel\PageObjectModel\src\test\resources\runner\testng.xml">
      <![CDATA[org.testng.TestNGException: 
Parameter 'browser' is required by BeforeTest on method setUp but has not been marked @Optional or defined
in C:\Users\ASUS\eclipse-workspace\PageObjectModel\PageObjectModel\src\test\resources\runner\testng.xml
... Removed 21 stack frames]]>
    </failure>
  </testcase> <!-- @BeforeTest setUp -->
  <testcase classname="base.BaseTest" name="@AfterMethod tearDown" time="0.0">
    <skipped/>
  </testcase> <!-- @AfterMethod tearDown -->
  <testcase classname="base.BaseTest" name="@AfterMethod tearDown" time="0.0">
    <skipped/>
  </testcase> <!-- @AfterMethod tearDown -->
  <testcase classname="base.BaseTest" name="@AfterMethod tearDown" time="0.0">
    <skipped/>
  </testcase> <!-- @AfterMethod tearDown -->
  <testcase classname="testcases.CarNameAndPriceTest" name="carNameAndPrice" time="0.0">
    <skipped/>
  </testcase> <!-- carNameAndPrice -->
  <testcase classname="testcases.CarNameAndPriceTest" name="carNameAndPrice" time="0.0">
    <skipped/>
  </testcase> <!-- carNameAndPrice -->
  <testcase classname="testcases.CarNameAndPriceTest" name="carNameAndPrice" time="0.0">
    <skipped/>
  </testcase> <!-- carNameAndPrice -->
</testsuite> <!-- Car Name and Price Test -->
