<?xml version="1.0" encoding="UTF-8"?>
<!-- Generated by org.testng.reporters.JUnitXMLReporter -->
<testsuite ignored="0" hostname="TJ-MB-077.local" failures="1" tests="1" name="Find New Car Test" time="21.151" errors="0" timestamp="03 Jul 2023 18:20:05 GMT">
  <testcase classname="testcases.CheckoutWithLoginTest" name="MyFirstTestCase" time="9.87">
    <failure type="org.openqa.selenium.ElementClickInterceptedException" message="Element &amp;lt;button id=&amp;quot;place_order&amp;quot; class=&amp;quot;button alt&amp;quot; name=&amp;quot;woocommerce_checkout_place_order&amp;quot; type=&amp;quot;submit&amp;quot;&amp;gt; is not clickable at point (1080,559) because another element &amp;lt;div class=&amp;quot;blockUI blockOverlay&amp;quot;&amp;gt; obscures it
Build info: version: &amp;apos;4.0.0&amp;apos;, revision: &amp;apos;3a21814679&amp;apos;
System info: host: &amp;apos;TJ-MB-077.local&amp;apos;, ip: &amp;apos;fe80:0:0:0:c79:360c:bd94:b874%en0&amp;apos;, os.name: &amp;apos;Mac OS X&amp;apos;, os.arch: &amp;apos;x86_64&amp;apos;, os.version: &amp;apos;12.5&amp;apos;, java.version: &amp;apos;11.0.15.1&amp;apos;
Driver info: org.openqa.selenium.firefox.FirefoxDriver
Command: [6a7d888c-324a-4906-a998-091f0bd67a53, clickElement {id=bff41cfb-9a42-4734-8cd3-a22216c8f88a}]
Capabilities {acceptInsecureCerts: true, browserName: firefox, browserVersion: 114.0.2, javascriptEnabled: true, moz:accessibilityChecks: false, moz:buildID: 20230619081400, moz:debuggerAddress: 127.0.0.1:55990, moz:geckodriverVersion: 0.33.0, moz:headless: false, moz:platformVersion: 21.6.0, moz:processID: 9252, moz:profile: /var/folders/77/2kc5mfwj0rn..., moz:shutdownTimeout: 60000, moz:useNonSpecCompliantPointerOrigin: false, moz:webdriverClick: true, moz:windowless: false, pageLoadStrategy: normal, platform: MAC, platformName: MAC, proxy: Proxy(), se:cdp: ws://127.0.0.1:55990/devtoo..., se:cdpVersion: 85, setWindowRect: true, strictFileInteractability: false, timeouts: {implicit: 0, pageLoad: 300000, script: 30000}, unhandledPromptBehavior: dismiss and notify}
Element: [[FirefoxDriver: firefox on MAC (6a7d888c-324a-4906-a998-091f0bd67a53)] -&amp;gt; xpath: //*[@id=&amp;quot;place_order&amp;quot;]]
Session ID: 6a7d888c-324a-4906-a998-091f0bd67a53">
      <![CDATA[org.openqa.selenium.ElementClickInterceptedException: Element <button id="place_order" class="button alt" name="woocommerce_checkout_place_order" type="submit"> is not clickable at point (1080,559) because another element <div class="blockUI blockOverlay"> obscures it
Build info: version: '4.0.0', revision: '3a21814679'
System info: host: 'TJ-MB-077.local', ip: 'fe80:0:0:0:c79:360c:bd94:b874%en0', os.name: 'Mac OS X', os.arch: 'x86_64', os.version: '12.5', java.version: '11.0.15.1'
Driver info: org.openqa.selenium.firefox.FirefoxDriver
Command: [6a7d888c-324a-4906-a998-091f0bd67a53, clickElement {id=bff41cfb-9a42-4734-8cd3-a22216c8f88a}]
Capabilities {acceptInsecureCerts: true, browserName: firefox, browserVersion: 114.0.2, javascriptEnabled: true, moz:accessibilityChecks: false, moz:buildID: 20230619081400, moz:debuggerAddress: 127.0.0.1:55990, moz:geckodriverVersion: 0.33.0, moz:headless: false, moz:platformVersion: 21.6.0, moz:processID: 9252, moz:profile: /var/folders/77/2kc5mfwj0rn..., moz:shutdownTimeout: 60000, moz:useNonSpecCompliantPointerOrigin: false, moz:webdriverClick: true, moz:windowless: false, pageLoadStrategy: normal, platform: MAC, platformName: MAC, proxy: Proxy(), se:cdp: ws://127.0.0.1:55990/devtoo..., se:cdpVersion: 85, setWindowRect: true, strictFileInteractability: false, timeouts: {implicit: 0, pageLoad: 300000, script: 30000}, unhandledPromptBehavior: dismiss and notify}
Element: [[FirefoxDriver: firefox on MAC (6a7d888c-324a-4906-a998-091f0bd67a53)] -> xpath: //*[@id="place_order"]]
Session ID: 6a7d888c-324a-4906-a998-091f0bd67a53
at org.openqa.selenium.remote.codec.w3c.W3CHttpResponseCodec.createException(W3CHttpResponseCodec.java:200)
at org.openqa.selenium.remote.codec.w3c.W3CHttpResponseCodec.decode(W3CHttpResponseCodec.java:133)
at org.openqa.selenium.remote.codec.w3c.W3CHttpResponseCodec.decode(W3CHttpResponseCodec.java:53)
at org.openqa.selenium.remote.HttpCommandExecutor.execute(HttpCommandExecutor.java:184)
at org.openqa.selenium.remote.service.DriverCommandExecutor.invokeExecute(DriverCommandExecutor.java:164)
at org.openqa.selenium.remote.service.DriverCommandExecutor.execute(DriverCommandExecutor.java:139)
at org.openqa.selenium.remote.RemoteWebDriver.execute(RemoteWebDriver.java:559)
at org.openqa.selenium.remote.RemoteWebElement.execute(RemoteWebElement.java:251)
at org.openqa.selenium.remote.RemoteWebElement.click(RemoteWebElement.java:77)
at org.openqa.selenium.support.pagefactory.internal.LocatingElementHandler.invoke(LocatingElementHandler.java:52)
at com.sun.proxy.$Proxy18.click(Unknown Source)
at base.BasePage.click(BasePage.java:32)
at pages.WebCheckoutPage.pressAnOrderBtn(WebCheckoutPage.java:57)
at testcases.CheckoutWithLoginTest.MyFirstTestCase(CheckoutWithLoginTest.java:24)
... Removed 33 stack frames]]>
    </failure>
  </testcase> <!-- MyFirstTestCase -->
</testsuite> <!-- Find New Car Test -->
