<?xml version="1.0" encoding="UTF-8"?>
<!-- Generated by org.testng.reporters.JUnitXMLReporter -->
<testsuite ignored="0" hostname="TJ-MB-077.local" failures="1" tests="2" name="LoginTest" time="14.361" errors="0" timestamp="21 Jul 2023 13:19:24 GMT">
  <testcase classname="testcases.ForgotPasswordTest" name="@BeforeMethod beforeMethod" time="2.636">
    <failure type="org.openqa.selenium.WebDriverException" message="TypeError: browsingContext.currentWindowGlobal is null
Build info: version: &amp;apos;4.0.0&amp;apos;, revision: &amp;apos;3a21814679&amp;apos;
System info: host: &amp;apos;TJ-MB-077.local&amp;apos;, ip: &amp;apos;fe80:0:0:0:c41:8e45:e1a5:2ae5%en0&amp;apos;, os.name: &amp;apos;Mac OS X&amp;apos;, os.arch: &amp;apos;x86_64&amp;apos;, os.version: &amp;apos;12.5&amp;apos;, java.version: &amp;apos;11.0.15.1&amp;apos;
Driver info: org.openqa.selenium.firefox.FirefoxDriver
Command: [89468243-b910-4ff1-b1b3-d2d440d8aafc, findElement {using=xpath, value=//*[@id=&amp;quot;root&amp;quot;]/div[1]/div[2]/div[1]/div/div[2]/a}]
Capabilities {acceptInsecureCerts: true, browserName: firefox, browserVersion: 115.0.2, javascriptEnabled: true, moz:accessibilityChecks: false, moz:buildID: 20230710165010, moz:debuggerAddress: 127.0.0.1:53501, moz:geckodriverVersion: 0.33.0, moz:headless: false, moz:platformVersion: 21.6.0, moz:processID: 2125, moz:profile: /var/folders/77/2kc5mfwj0rn..., moz:shutdownTimeout: 60000, moz:useNonSpecCompliantPointerOrigin: false, moz:webdriverClick: true, moz:windowless: false, pageLoadStrategy: normal, platform: MAC, platformName: MAC, proxy: Proxy(), se:cdp: ws://127.0.0.1:53501/devtoo..., se:cdpVersion: 85, setWindowRect: true, strictFileInteractability: false, timeouts: {implicit: 0, pageLoad: 300000, script: 30000}, unhandledPromptBehavior: dismiss and notify}
Session ID: 89468243-b910-4ff1-b1b3-d2d440d8aafc">
      <![CDATA[org.openqa.selenium.WebDriverException: TypeError: browsingContext.currentWindowGlobal is null
Build info: version: '4.0.0', revision: '3a21814679'
System info: host: 'TJ-MB-077.local', ip: 'fe80:0:0:0:c41:8e45:e1a5:2ae5%en0', os.name: 'Mac OS X', os.arch: 'x86_64', os.version: '12.5', java.version: '11.0.15.1'
Driver info: org.openqa.selenium.firefox.FirefoxDriver
Command: [89468243-b910-4ff1-b1b3-d2d440d8aafc, findElement {using=xpath, value=//*[@id="root"]/div[1]/div[2]/div[1]/div/div[2]/a}]
Capabilities {acceptInsecureCerts: true, browserName: firefox, browserVersion: 115.0.2, javascriptEnabled: true, moz:accessibilityChecks: false, moz:buildID: 20230710165010, moz:debuggerAddress: 127.0.0.1:53501, moz:geckodriverVersion: 0.33.0, moz:headless: false, moz:platformVersion: 21.6.0, moz:processID: 2125, moz:profile: /var/folders/77/2kc5mfwj0rn..., moz:shutdownTimeout: 60000, moz:useNonSpecCompliantPointerOrigin: false, moz:webdriverClick: true, moz:windowless: false, pageLoadStrategy: normal, platform: MAC, platformName: MAC, proxy: Proxy(), se:cdp: ws://127.0.0.1:53501/devtoo..., se:cdpVersion: 85, setWindowRect: true, strictFileInteractability: false, timeouts: {implicit: 0, pageLoad: 300000, script: 30000}, unhandledPromptBehavior: dismiss and notify}
Session ID: 89468243-b910-4ff1-b1b3-d2d440d8aafc
at org.openqa.selenium.remote.codec.w3c.W3CHttpResponseCodec.createException(W3CHttpResponseCodec.java:200)
at org.openqa.selenium.remote.codec.w3c.W3CHttpResponseCodec.decode(W3CHttpResponseCodec.java:133)
at org.openqa.selenium.remote.codec.w3c.W3CHttpResponseCodec.decode(W3CHttpResponseCodec.java:53)
at org.openqa.selenium.remote.HttpCommandExecutor.execute(HttpCommandExecutor.java:184)
at org.openqa.selenium.remote.service.DriverCommandExecutor.invokeExecute(DriverCommandExecutor.java:164)
at org.openqa.selenium.remote.service.DriverCommandExecutor.execute(DriverCommandExecutor.java:139)
at org.openqa.selenium.remote.RemoteWebDriver.execute(RemoteWebDriver.java:559)
at org.openqa.selenium.remote.ElementLocation$ElementFinder$2.findElement(ElementLocation.java:162)
at org.openqa.selenium.remote.ElementLocation.findElement(ElementLocation.java:60)
at org.openqa.selenium.remote.RemoteWebDriver.findElement(RemoteWebDriver.java:383)
at org.openqa.selenium.remote.RemoteWebDriver.findElement(RemoteWebDriver.java:375)
at org.openqa.selenium.support.pagefactory.DefaultElementLocator.findElement(DefaultElementLocator.java:70)
at org.openqa.selenium.support.pagefactory.internal.LocatingElementHandler.invoke(LocatingElementHandler.java:39)
at com.sun.proxy.$Proxy19.click(Unknown Source)
at base.BasePage.click(BasePage.java:40)
at pages.LoginPage.pressForgotPasswordPageButtonForForgotPasswordPage(LoginPage.java:64)
at testcases.ForgotPasswordTest.beforeMethod(ForgotPasswordTest.java:56)
... Removed 32 stack frames]]>
    </failure>
  </testcase> <!-- @BeforeMethod beforeMethod -->
  <testcase classname="testcases.ForgotPasswordTest" name="testEmptyEmail" time="0.0">
    <skipped/>
  </testcase> <!-- testEmptyEmail -->
  <testcase classname="testcases.ForgotPasswordTest" name="testEmptyEmail" time="2.652">
    <failure type="java.lang.NullPointerException">
      <![CDATA[java.lang.NullPointerException
at extentlisteners.ExtentListeners.onTestSkipped(ExtentListeners.java:93)
... Removed 23 stack frames]]>
    </failure>
  </testcase> <!-- testEmptyEmail -->
</testsuite> <!-- LoginTest -->
