<?xml version="1.0" encoding="UTF-8"?>
<testng-results ignored="0" total="1" passed="1" failed="0" skipped="0">
  <reporter-output>
  </reporter-output>
  <suite started-at="2022-07-06T10:06:46Z" name="Suite" finished-at="2022-07-06T10:07:08Z" duration-ms="22329">
    <groups>
    </groups>
    <test started-at="2022-07-06T10:06:46Z" name="Find New Car Test" finished-at="2022-07-06T10:07:08Z" duration-ms="22329">
      <class name="testcases.CheckoutWithLoginTest">
        <test-method is-config="true" signature="setUp(java.lang.String)[pri:0, instance:testcases.CheckoutWithLoginTest@29876704]" started-at="2022-07-06T10:06:46Z" name="setUp" finished-at="2022-07-06T10:06:53Z" duration-ms="7195" status="PASS">
          <params>
            <param index="0">
              <value>
                <![CDATA[chrome]]>
              </value>
            </param>
          </params>
          <reporter-output>
          </reporter-output>
        </test-method> <!-- setUp -->
        <test-method signature="MyFirstTestCase()[pri:1, instance:testcases.CheckoutWithLoginTest@29876704]" started-at="2022-07-06T10:06:53Z" name="MyFirstTestCase" finished-at="2022-07-06T10:07:07Z" duration-ms="14478" status="PASS">
          <reporter-output>
          </reporter-output>
        </test-method> <!-- MyFirstTestCase -->
        <test-method is-config="true" signature="tearDown()[pri:0, instance:testcases.CheckoutWithLoginTest@29876704]" started-at="2022-07-06T10:07:07Z" name="tearDown" finished-at="2022-07-06T10:07:08Z" duration-ms="631" status="PASS">
          <reporter-output>
          </reporter-output>
        </test-method> <!-- tearDown -->
      </class> <!-- testcases.CheckoutWithLoginTest -->
    </test> <!-- Find New Car Test -->
  </suite> <!-- Suite -->
</testng-results>
